# JRE version: OpenJDK Runtime Environment Temurin-17.0.15+6 (17.0.15+6) (build 17.0.15+6)
# Java VM: OpenJDK 64-Bit Server VM Temurin-17.0.15+6 (17.0.15+6, mixed mode, emulated-client, sharing, tiered, compressed oops, compressed class ptrs, g1 gc, windows-amd64)
GC Precious Log:
 CPUs: 12 total, 12 available
 Memory: 5702M
 Large Page Support: Disabled
 NUMA Support: Disabled
 Compressed Oops: Enabled (32-bit)
 Heap Region Size: 1M
 Heap Min Capacity: 8M
 Heap Initial Capacity: 90M
 Heap Max Capacity: 1426M
 Pre-touch: Disabled
 Parallel Workers: 10
 Concurrent Workers: 3
 Concurrent Refinement Workers: 10
 Periodic GC: Disabled
Heap:
 garbage-first heap   total 108544K, used 53086K [0x00000000a6e00000, 0x0000000100000000)
  region size 1024K, 18 young (18432K), 4 survivors (4096K)
 Metaspace       used 73384K, committed 73984K, reserved 1114112K
  class space    used 10901K, committed 11200K, reserved 1048576K
GC Heap History (20 events):
Event: 23.071 GC heap before
{Heap before GC invocations=20 (full 0):
 garbage-first heap   total 51200K, used 40843K [0x00000000a6e00000, 0x0000000100000000)
  region size 1024K, 17 young (17408K), 3 survivors (3072K)
 Metaspace       used 58476K, committed 59072K, reserved 1114112K
  class space    used 8504K, committed 8768K, reserved 1048576K
}
Event: 23.075 GC heap after
{Heap after GC invocations=21 (full 0):
 garbage-first heap   total 51200K, used 27145K [0x00000000a6e00000, 0x0000000100000000)
  region size 1024K, 2 young (2048K), 2 survivors (2048K)
 Metaspace       used 58476K, committed 59072K, reserved 1114112K
  class space    used 8504K, committed 8768K, reserved 1048576K
}
Event: 23.667 GC heap before
{Heap before GC invocations=22 (full 0):
 garbage-first heap   total 51200K, used 41481K [0x00000000a6e00000, 0x0000000100000000)
  region size 1024K, 16 young (16384K), 2 survivors (2048K)
 Metaspace       used 59887K, committed 60416K, reserved 1114112K
  class space    used 8814K, committed 9024K, reserved 1048576K
}
Event: 23.671 GC heap after
{Heap after GC invocations=23 (full 0):
 garbage-first heap   total 51200K, used 28116K [0x00000000a6e00000, 0x0000000100000000)
  region size 1024K, 2 young (2048K), 2 survivors (2048K)
 Metaspace       used 59887K, committed 60416K, reserved 1114112K
  class space    used 8814K, committed 9024K, reserved 1048576K
}
Event: 23.995 GC heap before
{Heap before GC invocations=23 (full 0):
 garbage-first heap   total 51200K, used 40404K [0x00000000a6e00000, 0x0000000100000000)
  region size 1024K, 15 young (15360K), 2 survivors (2048K)
 Metaspace       used 60913K, committed 61504K, reserved 1114112K
  class space    used 8994K, committed 9280K, reserved 1048576K
}
Event: 23.999 GC heap after
{Heap after GC invocations=24 (full 0):
 garbage-first heap   total 51200K, used 29067K [0x00000000a6e00000, 0x0000000100000000)
  region size 1024K, 2 young (2048K), 2 survivors (2048K)
 Metaspace       used 60913K, committed 61504K, reserved 1114112K
  class space    used 8994K, committed 9280K, reserved 1048576K
}
Event: 24.171 GC heap before
{Heap before GC invocations=25 (full 0):
 garbage-first heap   total 53248K, used 41355K [0x00000000a6e00000, 0x0000000100000000)
  region size 1024K, 14 young (14336K), 2 survivors (2048K)
 Metaspace       used 61557K, committed 62144K, reserved 1114112K
  class space    used 9175K, committed 9472K, reserved 1048576K
}
Event: 24.175 GC heap after
{Heap after GC invocations=26 (full 0):
 garbage-first heap   total 53248K, used 29681K [0x00000000a6e00000, 0x0000000100000000)
  region size 1024K, 2 young (2048K), 2 survivors (2048K)
 Metaspace       used 61557K, committed 62144K, reserved 1114112K
  class space    used 9175K, committed 9472K, reserved 1048576K
}
Event: 24.231 GC heap before
{Heap before GC invocations=26 (full 0):
 garbage-first heap   total 53248K, used 41969K [0x00000000a6e00000, 0x0000000100000000)
  region size 1024K, 14 young (14336K), 2 survivors (2048K)
 Metaspace       used 61565K, committed 62144K, reserved 1114112K
  class space    used 9175K, committed 9472K, reserved 1048576K
}
Event: 24.236 GC heap after
{Heap after GC invocations=27 (full 0):
 garbage-first heap   total 53248K, used 31728K [0x00000000a6e00000, 0x0000000100000000)
  region size 1024K, 2 young (2048K), 2 survivors (2048K)
 Metaspace       used 61565K, committed 62144K, reserved 1114112K
  class space    used 9175K, committed 9472K, reserved 1048576K
}
Event: 24.311 GC heap before
{Heap before GC invocations=28 (full 0):
 garbage-first heap   total 68608K, used 40944K [0x00000000a6e00000, 0x0000000100000000)
  region size 1024K, 12 young (12288K), 2 survivors (2048K)
 Metaspace       used 61943K, committed 62528K, reserved 1114112K
  class space    used 9196K, committed 9472K, reserved 1048576K
}
Event: 24.316 GC heap after
{Heap after GC invocations=29 (full 0):
 garbage-first heap   total 68608K, used 33663K [0x00000000a6e00000, 0x0000000100000000)
  region size 1024K, 2 young (2048K), 2 survivors (2048K)
 Metaspace       used 61943K, committed 62528K, reserved 1114112K
  class space    used 9196K, committed 9472K, reserved 1048576K
}
Event: 25.306 GC heap before
{Heap before GC invocations=29 (full 0):
 garbage-first heap   total 68608K, used 53119K [0x00000000a6e00000, 0x0000000100000000)
  region size 1024K, 22 young (22528K), 2 survivors (2048K)
 Metaspace       used 64588K, committed 65216K, reserved 1114112K
  class space    used 9614K, committed 9920K, reserved 1048576K
}
Event: 25.311 GC heap after
{Heap after GC invocations=30 (full 0):
 garbage-first heap   total 68608K, used 35254K [0x00000000a6e00000, 0x0000000100000000)
  region size 1024K, 2 young (2048K), 2 survivors (2048K)
 Metaspace       used 64588K, committed 65216K, reserved 1114112K
  class space    used 9614K, committed 9920K, reserved 1048576K
}
Event: 25.957 GC heap before
{Heap before GC invocations=31 (full 0):
 garbage-first heap   total 68608K, used 53686K [0x00000000a6e00000, 0x0000000100000000)
  region size 1024K, 20 young (20480K), 2 survivors (2048K)
 Metaspace       used 65881K, committed 66496K, reserved 1114112K
  class space    used 9813K, committed 10112K, reserved 1048576K
}
Event: 25.967 GC heap after
{Heap after GC invocations=32 (full 0):
 garbage-first heap   total 108544K, used 36506K [0x00000000a6e00000, 0x0000000100000000)
  region size 1024K, 3 young (3072K), 3 survivors (3072K)
 Metaspace       used 65881K, committed 66496K, reserved 1114112K
  class space    used 9813K, committed 10112K, reserved 1048576K
}
Event: 64.408 GC heap before
{Heap before GC invocations=32 (full 0):
 garbage-first heap   total 108544K, used 82586K [0x00000000a6e00000, 0x0000000100000000)
  region size 1024K, 49 young (50176K), 3 survivors (3072K)
 Metaspace       used 70787K, committed 71424K, reserved 1114112K
  class space    used 10512K, committed 10816K, reserved 1048576K
}
Event: 64.493 GC heap after
{Heap after GC invocations=33 (full 0):
 garbage-first heap   total 108544K, used 39395K [0x00000000a6e00000, 0x0000000100000000)
  region size 1024K, 6 young (6144K), 6 survivors (6144K)
 Metaspace       used 70787K, committed 71424K, reserved 1114112K
  class space    used 10512K, committed 10816K, reserved 1048576K
}
Event: 667.519 GC heap before
{Heap before GC invocations=33 (full 0):
 garbage-first heap   total 108544K, used 84451K [0x00000000a6e00000, 0x0000000100000000)
  region size 1024K, 51 young (52224K), 6 survivors (6144K)
 Metaspace       used 73346K, committed 73984K, reserved 1114112K
  class space    used 10893K, committed 11200K, reserved 1048576K
}
Event: 667.696 GC heap after
{Heap after GC invocations=34 (full 0):
 garbage-first heap   total 108544K, used 39774K [0x00000000a6e00000, 0x0000000100000000)
  region size 1024K, 4 young (4096K), 4 survivors (4096K)
 Metaspace       used 73346K, committed 73984K, reserved 1114112K
  class space    used 10893K, committed 11200K, reserved 1048576K
}

